2019-09-28 22:47:49,505 [INFO] Multisource Input Model Output Security Analysis Suite (MIMOSAS) v1.0.0-release.1
2019-09-28 22:47:49,505 [INFO] Copyright (C) 2019 University of California, Berkeley
2019-09-28 22:47:49,505 [INFO] https://complexity.berkeley.edu/mimosas/
2019-09-28 22:47:49,505 [INFO] 
2019-09-28 22:47:49,505 [INFO] Initializing Random Forest
2019-09-28 22:47:49,506 [INFO] Using Classifier Criterion: entropy
2019-09-28 22:47:49,506 [INFO] 
2019-09-28 22:47:49,506 [INFO] Preparing training/validation set data
2019-09-28 22:47:49,506 [INFO] 
2019-09-28 22:47:49,672 [INFO] Cleaning statistics:
2019-09-28 22:47:49,672 [INFO] 8477 total raw data points
2019-09-28 22:47:49,672 [INFO] 6459 data points after cleaning
2019-09-28 22:47:49,672 [INFO] The fraction of each device's events removed by cleaning is:
2019-09-28 22:47:49,672 [INFO] ID 12678: 0.2466
2019-09-28 22:47:49,672 [INFO] ID  9474: 0.2258
2019-09-28 22:47:49,672 [INFO] 
2019-09-28 22:47:49,715 [INFO] Preparing test set data
2019-09-28 22:47:49,715 [INFO] 
2019-09-28 22:47:49,881 [INFO] Cleaning statistics:
2019-09-28 22:47:49,881 [INFO] 8477 total raw data points
2019-09-28 22:47:49,881 [INFO] 6459 data points after cleaning
2019-09-28 22:47:49,881 [INFO] The fraction of each device's events removed by cleaning is:
2019-09-28 22:47:49,881 [INFO] ID 12678: 0.2466
2019-09-28 22:47:49,881 [INFO] ID  9474: 0.2258
2019-09-28 22:47:49,881 [INFO] 
2019-09-28 22:47:49,931 [INFO] Running RandomForest in Train Mode.
2019-09-28 22:47:49,931 [INFO] 
2019-09-28 22:47:49,931 [INFO] Training Random Forest
2019-09-28 22:47:49,931 [INFO] 
2019-09-28 22:47:51,904 [INFO] Best parameters: {'max_depth': 10, 'n_estimators': 50}
2019-09-28 22:47:51,904 [INFO] Best CV score: 0.21692788933485424
2019-09-28 22:47:51,904 [INFO] Hyper parameters: [{'max_depth': 10, 'n_estimators': 50}]
2019-09-28 22:47:51,905 [INFO] CV mean train score: [0.6327715]
2019-09-28 22:47:51,905 [INFO] CV mean validate score: [0.21692789]
2019-09-28 22:47:51,908 [INFO] Feature      Importance
2019-09-28 22:47:51,908 [INFO]  feature_09: 0.2092
2019-09-28 22:47:51,908 [INFO]  feature_01: 0.1819
2019-09-28 22:47:51,908 [INFO]  feature_04: 0.1349
2019-09-28 22:47:51,908 [INFO]  feature_03: 0.1237
2019-09-28 22:47:51,908 [INFO]  feature_02: 0.1057
2019-09-28 22:47:51,908 [INFO]  feature_08: 0.1026
2019-09-28 22:47:51,908 [INFO]  feature_10: 0.0969
2019-09-28 22:47:51,908 [INFO]  feature_11: 0.0169
2019-09-28 22:47:51,908 [INFO]  feature_05: 0.0150
2019-09-28 22:47:51,909 [INFO]  feature_07: 0.0133
2019-09-28 22:47:51,909 [INFO]  feature_06: 0.0000
2019-09-28 22:47:51,909 [INFO] 
2019-09-28 22:47:51,909 [INFO] Saving Models
2019-09-28 22:47:51,909 [INFO] 
2019-09-28 22:47:51,911 [INFO] DONE TRAINING.
2019-09-28 22:47:51,911 [INFO] 
2019-09-28 22:47:51,911 [INFO] 
2019-09-28 22:47:51,911 [INFO] Running RandomForest in Test Mode.
2019-09-28 22:47:51,911 [INFO] 
2019-09-28 22:47:51,911 [INFO] Testing Random Forest
2019-09-28 22:47:51,911 [INFO] 
2019-09-28 22:47:51,934 [INFO] Test score: 0.2825800268540781
2019-09-28 22:47:51,934 [INFO] Test confusion matrix: [[1788    7]  [ 125   18]]
2019-09-28 22:47:51,934 [INFO] 
2019-09-28 22:47:51,937 [INFO] Feature      Importance
2019-09-28 22:47:51,937 [INFO]  feature_09: 0.2092
2019-09-28 22:47:51,937 [INFO]  feature_01: 0.1819
2019-09-28 22:47:51,938 [INFO]  feature_04: 0.1349
2019-09-28 22:47:51,938 [INFO]  feature_03: 0.1237
2019-09-28 22:47:51,938 [INFO]  feature_02: 0.1057
2019-09-28 22:47:51,938 [INFO]  feature_08: 0.1026
2019-09-28 22:47:51,938 [INFO]  feature_10: 0.0969
2019-09-28 22:47:51,938 [INFO]  feature_11: 0.0169
2019-09-28 22:47:51,938 [INFO]  feature_05: 0.0150
2019-09-28 22:47:51,938 [INFO]  feature_07: 0.0133
2019-09-28 22:47:51,938 [INFO]  feature_06: 0.0000
2019-09-28 22:47:51,938 [INFO] 
2019-09-28 22:47:51,938 [INFO] DONE TESTING.
2019-09-28 22:47:51,938 [INFO] 
2019-09-28 22:47:51,938 [INFO] 
