2019-09-27 21:46:52,057 [INFO] Multisource Input Model Output Security Analysis Suite (MIMOSAS) v1.0.0-release.1
2019-09-27 21:46:52,057 [INFO] Copyright (C) 2019 University of California, Berkeley
2019-09-27 21:46:52,058 [INFO] https://complexity.berkeley.edu/mimosas/
2019-09-27 21:46:52,058 [INFO] 
2019-09-27 21:46:52,058 [INFO] Loading Model
2019-09-27 21:46:52,058 [INFO] 
2019-09-27 21:46:52,058 [INFO] There is no loadable models object at: ./saved_models/feed_forward_nn/Sample_Session/models.pkl
2019-09-27 21:46:52,058 [INFO] MIMOSAS will train new model(s) from scratch.
2019-09-27 21:46:52,058 [INFO] 
2019-09-27 21:46:52,058 [INFO] Preparing training/validation set data
2019-09-27 21:46:52,058 [INFO] 
2019-09-27 21:46:52,226 [INFO] Cleaning statistics:
2019-09-27 21:46:52,226 [INFO] 8477 total raw data points
2019-09-27 21:46:52,226 [INFO] 6459 data points after cleaning
2019-09-27 21:46:52,226 [INFO] The fraction of each device's events removed by cleaning is:
2019-09-27 21:46:52,226 [INFO] ID 12678: 0.2466
2019-09-27 21:46:52,226 [INFO] ID  9474: 0.2258
2019-09-27 21:46:52,226 [INFO] 
2019-09-27 21:46:52,269 [INFO] Preparing test set data
2019-09-27 21:46:52,269 [INFO] 
2019-09-27 21:46:52,435 [INFO] Cleaning statistics:
2019-09-27 21:46:52,435 [INFO] 8477 total raw data points
2019-09-27 21:46:52,435 [INFO] 6459 data points after cleaning
2019-09-27 21:46:52,435 [INFO] The fraction of each device's events removed by cleaning is:
2019-09-27 21:46:52,435 [INFO] ID 12678: 0.2466
2019-09-27 21:46:52,435 [INFO] ID  9474: 0.2258
2019-09-27 21:46:52,435 [INFO] 
2019-09-27 21:46:52,486 [INFO] Running FeedForwardNN in Train Mode.
2019-09-27 21:46:52,486 [INFO] 
2019-09-27 21:46:52,486 [INFO] Training Feed-Forward Neural Network
2019-09-27 21:46:52,486 [INFO] 
2019-09-27 21:46:54,853 [INFO] 0.16543 with {'activation': 'elu', 'batch_size': 1024, 'dropout_rate': 0.0, 'epochs': 25, 'layers': [25, 20], 'loss': 'categorical_crossentropy', 'lr': 0.002, 'n_features': 11, 'optimizer': 'adam'}
2019-09-27 21:46:54,853 [INFO] 0.13872 with {'activation': 'elu', 'batch_size': 1024, 'dropout_rate': 0.0, 'epochs': 25, 'layers': [25, 20], 'loss': 'categorical_crossentropy', 'lr': 0.005, 'n_features': 11, 'optimizer': 'adam'}
2019-09-27 21:46:54,853 [INFO] 0.11911 with {'activation': 'elu', 'batch_size': 1024, 'dropout_rate': 0.1, 'epochs': 25, 'layers': [25, 20], 'loss': 'categorical_crossentropy', 'lr': 0.002, 'n_features': 11, 'optimizer': 'adam'}
2019-09-27 21:46:54,853 [INFO] 0.11982 with {'activation': 'elu', 'batch_size': 1024, 'dropout_rate': 0.1, 'epochs': 25, 'layers': [25, 20], 'loss': 'categorical_crossentropy', 'lr': 0.005, 'n_features': 11, 'optimizer': 'adam'}
2019-09-27 21:46:54,853 [INFO] Best parameters: {'activation': 'elu', 'batch_size': 1024, 'dropout_rate': 0.0, 'epochs': 25, 'layers': [25, 20], 'loss': 'categorical_crossentropy', 'lr': 0.002, 'n_features': 11, 'optimizer': 'adam'}
2019-09-27 21:46:54,853 [INFO] Best CV score: 0.16542653547226074
2019-09-27 21:46:54,853 [INFO] CV mean train score: [0.17160819 0.17560212 0.1615058  0.16227233]
2019-09-27 21:46:54,853 [INFO] CV mean validate score: [0.16542654 0.1387151  0.11910809 0.11981891]
2019-09-27 21:46:54,854 [INFO] 
2019-09-27 21:46:54,854 [INFO] Saving Models
2019-09-27 21:46:54,854 [INFO] 
2019-09-27 21:46:54,898 [INFO] DONE TRAINING.
2019-09-27 21:46:54,898 [INFO] 
2019-09-27 21:46:54,898 [INFO] 
2019-09-27 21:46:54,898 [INFO] Running FeedForwardNN in Test Mode.
2019-09-27 21:46:54,898 [INFO] 
2019-09-27 21:46:54,899 [INFO] Testing Feed-Forward Neural Network
2019-09-27 21:46:54,899 [INFO] 
2019-09-27 21:46:54,919 [INFO] Test score: 0.13217646483670567
2019-09-27 21:46:54,924 [INFO] Test confusion matrix: [[1784   11]  [ 135    8]]
2019-09-27 21:46:54,924 [INFO] 
2019-09-27 21:46:54,924 [INFO] Evaluating Feature Importance for Feed-Forward Neural Network using Recursive Feature Addition (RFA)
2019-09-27 21:46:54,924 [INFO] 
2019-09-27 21:46:54,924 [INFO] RFA Model Hyperparameters:
2019-09-27 21:46:54,924 [INFO] activation: elu
2019-09-27 21:46:54,924 [INFO] batch_size: 1024
2019-09-27 21:46:54,924 [INFO] dropout_rate: 0.0
2019-09-27 21:46:54,924 [INFO] epochs: 25
2019-09-27 21:46:54,924 [INFO] layers: [25, 20]
2019-09-27 21:46:54,924 [INFO] loss: categorical_crossentropy
2019-09-27 21:46:54,924 [INFO] lr: 0.002
2019-09-27 21:46:54,924 [INFO] optimizer: adam
2019-09-27 21:47:01,782 [INFO] Model prediction scores with remaining candidate features:
2019-09-27 21:47:01,783 [INFO] Candidate Feature   Score (matthews_corrcoef)  Confusion Matrix
2019-09-27 21:47:01,783 [INFO]         feature_01:                    0.0000  [[1795    0]  [ 143    0]]
2019-09-27 21:47:01,783 [INFO]         feature_02:                    0.0000  [[1795    0]  [ 143    0]]
2019-09-27 21:47:01,783 [INFO]         feature_03:                    0.0000  [[1795    0]  [ 143    0]]
2019-09-27 21:47:01,783 [INFO]         feature_04:                    0.0000  [[1795    0]  [ 143    0]]
2019-09-27 21:47:01,783 [INFO]         feature_05:                    0.0000  [[1795    0]  [ 143    0]]
2019-09-27 21:47:01,784 [INFO]         feature_06:                    0.0000  [[1795    0]  [ 143    0]]
2019-09-27 21:47:01,784 [INFO]         feature_07:                    0.0000  [[1795    0]  [ 143    0]]
2019-09-27 21:47:01,784 [INFO]         feature_08:                    0.0000  [[1795    0]  [ 143    0]]
2019-09-27 21:47:01,784 [INFO]         feature_09:                    0.0000  [[1795    0]  [ 143    0]]
2019-09-27 21:47:01,784 [INFO]         feature_10:                    0.0000  [[1795    0]  [ 143    0]]
2019-09-27 21:47:01,784 [INFO]         feature_11:                    0.0000  [[1795    0]  [ 143    0]]
2019-09-27 21:47:01,784 [INFO] Incorporating the best candidate feature: feature_01.
2019-09-27 21:47:01,784 [INFO] 
2019-09-27 21:47:07,934 [INFO] Model prediction scores with remaining candidate features:
2019-09-27 21:47:07,934 [INFO] Candidate Feature   Score (matthews_corrcoef)  Confusion Matrix
2019-09-27 21:47:07,934 [INFO]         feature_02:                    0.0000  [[1795    0]  [ 143    0]]
2019-09-27 21:47:07,935 [INFO]         feature_03:                    0.0000  [[1795    0]  [ 143    0]]
2019-09-27 21:47:07,935 [INFO]         feature_04:                    0.0000  [[1795    0]  [ 143    0]]
2019-09-27 21:47:07,935 [INFO]         feature_05:                    0.0000  [[1795    0]  [ 143    0]]
2019-09-27 21:47:07,935 [INFO]         feature_06:                    0.0000  [[1795    0]  [ 143    0]]
2019-09-27 21:47:07,935 [INFO]         feature_07:                    0.0000  [[1795    0]  [ 143    0]]
2019-09-27 21:47:07,935 [INFO]         feature_08:                    0.0000  [[1795    0]  [ 143    0]]
2019-09-27 21:47:07,935 [INFO]         feature_09:                    0.0000  [[1795    0]  [ 143    0]]
2019-09-27 21:47:07,936 [INFO]         feature_10:                    0.0000  [[1795    0]  [ 143    0]]
2019-09-27 21:47:07,936 [INFO]         feature_11:                    0.0000  [[1795    0]  [ 143    0]]
2019-09-27 21:47:07,936 [INFO] Incorporating the best candidate feature: feature_02.
2019-09-27 21:47:07,936 [INFO] 
2019-09-27 21:47:13,516 [INFO] Model prediction scores with remaining candidate features:
2019-09-27 21:47:13,516 [INFO] Candidate Feature   Score (matthews_corrcoef)  Confusion Matrix
2019-09-27 21:47:13,516 [INFO]         feature_03:                    0.0000  [[1795    0]  [ 143    0]]
2019-09-27 21:47:13,516 [INFO]         feature_04:                    0.0000  [[1795    0]  [ 143    0]]
2019-09-27 21:47:13,517 [INFO]         feature_05:                    0.0000  [[1795    0]  [ 143    0]]
2019-09-27 21:47:13,517 [INFO]         feature_06:                    0.0000  [[1795    0]  [ 143    0]]
2019-09-27 21:47:13,517 [INFO]         feature_07:                    0.0000  [[1795    0]  [ 143    0]]
2019-09-27 21:47:13,517 [INFO]         feature_08:                    0.0000  [[1795    0]  [ 143    0]]
2019-09-27 21:47:13,517 [INFO]         feature_09:                    0.0000  [[1795    0]  [ 143    0]]
2019-09-27 21:47:13,517 [INFO]         feature_10:                    0.0000  [[1795    0]  [ 143    0]]
2019-09-27 21:47:13,517 [INFO]         feature_11:                    0.0000  [[1795    0]  [ 143    0]]
2019-09-27 21:47:13,518 [INFO] Incorporating the best candidate feature: feature_03.
2019-09-27 21:47:13,518 [INFO] 
2019-09-27 21:47:18,578 [INFO] Model prediction scores with remaining candidate features:
2019-09-27 21:47:18,579 [INFO] Candidate Feature   Score (matthews_corrcoef)  Confusion Matrix
2019-09-27 21:47:18,579 [INFO]         feature_04:                    0.0000  [[1795    0]  [ 143    0]]
2019-09-27 21:47:18,579 [INFO]         feature_05:                    0.0000  [[1795    0]  [ 143    0]]
2019-09-27 21:47:18,579 [INFO]         feature_06:                    0.0000  [[1795    0]  [ 143    0]]
2019-09-27 21:47:18,579 [INFO]         feature_07:                    0.0000  [[1795    0]  [ 143    0]]
2019-09-27 21:47:18,579 [INFO]         feature_08:                    0.0000  [[1795    0]  [ 143    0]]
2019-09-27 21:47:18,579 [INFO]         feature_10:                    0.0000  [[1795    0]  [ 143    0]]
2019-09-27 21:47:18,580 [INFO]         feature_11:                    0.0000  [[1795    0]  [ 143    0]]
2019-09-27 21:47:18,580 [INFO]         feature_09:                   -0.0091  [[1793    2]  [ 143    0]]
2019-09-27 21:47:18,580 [INFO] Incorporating the best candidate feature: feature_04.
2019-09-27 21:47:18,580 [INFO] 
2019-09-27 21:47:22,899 [INFO] Model prediction scores with remaining candidate features:
2019-09-27 21:47:22,899 [INFO] Candidate Feature   Score (matthews_corrcoef)  Confusion Matrix
2019-09-27 21:47:22,899 [INFO]         feature_09:                    0.0741  [[1793    2]  [ 141    2]]
2019-09-27 21:47:22,900 [INFO]         feature_05:                    0.0000  [[1795    0]  [ 143    0]]
2019-09-27 21:47:22,900 [INFO]         feature_06:                    0.0000  [[1795    0]  [ 143    0]]
2019-09-27 21:47:22,900 [INFO]         feature_07:                    0.0000  [[1795    0]  [ 143    0]]
2019-09-27 21:47:22,900 [INFO]         feature_08:                    0.0000  [[1795    0]  [ 143    0]]
2019-09-27 21:47:22,900 [INFO]         feature_10:                    0.0000  [[1795    0]  [ 143    0]]
2019-09-27 21:47:22,900 [INFO]         feature_11:                    0.0000  [[1795    0]  [ 143    0]]
2019-09-27 21:47:22,900 [INFO] Incorporating the best candidate feature: feature_09.
2019-09-27 21:47:22,900 [INFO] 
2019-09-27 21:47:22,903 [INFO] Recursive Feature Addition Results:
2019-09-27 21:47:22,903 [INFO] No. Features  Score (matthews_corrcoef)  Confusion Matrix  Features                                                  
2019-09-27 21:47:22,903 [INFO]            1:                    0.0000  [[1795    0]  [ 143    0]]  feature_01                                                
2019-09-27 21:47:22,903 [INFO]            2:                    0.0000  [[1795    0]  [ 143    0]]  feature_01, feature_02                                    
2019-09-27 21:47:22,903 [INFO]            3:                    0.0000  [[1795    0]  [ 143    0]]  feature_01, feature_02, feature_03                        
2019-09-27 21:47:22,903 [INFO]            4:                    0.0000  [[1795    0]  [ 143    0]]  feature_01, feature_02, feature_03, feature_04            
2019-09-27 21:47:22,904 [INFO]            5:                    0.0741  [[1793    2]  [ 141    2]]  feature_01, feature_02, feature_03, feature_04, feature_09
2019-09-27 21:47:22,904 [INFO] 
2019-09-27 21:47:22,904 [INFO] Evaluating Feature Importance for Feed-Forward Neural Network using Recursive Feature Elimination (RFE)
2019-09-27 21:47:22,904 [INFO] 
2019-09-27 21:47:22,904 [INFO] RFE Model Hyperparameters:
2019-09-27 21:47:22,904 [INFO] activation: elu
2019-09-27 21:47:22,904 [INFO] batch_size: 1024
2019-09-27 21:47:22,904 [INFO] dropout_rate: 0.0
2019-09-27 21:47:22,904 [INFO] epochs: 25
2019-09-27 21:47:22,904 [INFO] layers: [25, 20]
2019-09-27 21:47:22,904 [INFO] loss: categorical_crossentropy
2019-09-27 21:47:22,904 [INFO] lr: 0.002
2019-09-27 21:47:22,904 [INFO] optimizer: adam
2019-09-27 21:47:23,710 [INFO] Permutation Importances of remaining candidate features:
2019-09-27 21:47:23,710 [INFO] Permuted Feature   Score (matthews_corrcoef)  Confusion Matrix
2019-09-27 21:47:23,715 [INFO]        feature_07:                    0.1933  [[1785   10]  [ 131   12]]
2019-09-27 21:47:23,716 [INFO]        feature_11:                    0.1901  [[1782   13]  [ 130   13]]
2019-09-27 21:47:23,716 [INFO]        feature_05:                    0.1802  [[1785   10]  [ 132   11]]
2019-09-27 21:47:23,716 [INFO]        feature_04:                    0.1640  [[1787    8]  [ 134    9]]
2019-09-27 21:47:23,716 [INFO]        feature_03:                    0.1580  [[1731   64]  [ 120   23]]
2019-09-27 21:47:23,716 [INFO]        feature_06:                    0.1553  [[1788    7]  [ 135    8]]
2019-09-27 21:47:23,716 [INFO]              none:                    0.1553  [[1788    7]  [ 135    8]]
2019-09-27 21:47:23,716 [INFO]        feature_02:                    0.1391  [[1788    7]  [ 136    7]]
2019-09-27 21:47:23,716 [INFO]        feature_10:                    0.1219  [[1788    7]  [ 137    6]]
2019-09-27 21:47:23,717 [INFO]        feature_01:                    0.0817  [[1791    4]  [ 140    3]]
2019-09-27 21:47:23,717 [INFO]        feature_09:                    0.0670  [[1725   70]  [ 130   13]]
2019-09-27 21:47:23,717 [INFO]        feature_08:                    0.0098  [[1787    8]  [ 142    1]]
2019-09-27 21:47:23,717 [INFO] 
2019-09-27 21:47:23,719 [INFO] Removing least-informative informative input feature: feature_07
2019-09-27 21:47:23,719 [INFO] 
2019-09-27 21:47:24,412 [INFO] Permutation Importances of remaining candidate features:
2019-09-27 21:47:24,412 [INFO] Permuted Feature   Score (matthews_corrcoef)  Confusion Matrix
2019-09-27 21:47:24,412 [INFO]        feature_11:                    0.1611  [[1784   11]  [ 133   10]]
2019-09-27 21:47:24,412 [INFO]        feature_04:                    0.1450  [[1791    4]  [ 137    6]]
2019-09-27 21:47:24,412 [INFO]        feature_03:                    0.1349  [[1778   17]  [ 133   10]]
2019-09-27 21:47:24,412 [INFO]        feature_02:                    0.1219  [[1788    7]  [ 137    6]]
2019-09-27 21:47:24,413 [INFO]        feature_06:                    0.1219  [[1788    7]  [ 137    6]]
2019-09-27 21:47:24,413 [INFO]              none:                    0.1219  [[1788    7]  [ 137    6]]
2019-09-27 21:47:24,413 [INFO]        feature_05:                    0.1158  [[1787    8]  [ 137    6]]
2019-09-27 21:47:24,413 [INFO]        feature_08:                    0.1146  [[1792    3]  [ 139    4]]
2019-09-27 21:47:24,413 [INFO]        feature_01:                    0.1024  [[1793    2]  [ 140    3]]
2019-09-27 21:47:24,413 [INFO]        feature_10:                    0.0925  [[1786    9]  [ 138    5]]
2019-09-27 21:47:24,413 [INFO]        feature_09:                    0.0736  [[1738   57]  [ 131   12]]
2019-09-27 21:47:24,413 [INFO] 
2019-09-27 21:47:24,416 [INFO] Removing least-informative informative input feature: feature_11
2019-09-27 21:47:24,416 [INFO] 
2019-09-27 21:47:25,105 [INFO] Permutation Importances of remaining candidate features:
2019-09-27 21:47:25,106 [INFO] Permuted Feature   Score (matthews_corrcoef)  Confusion Matrix
2019-09-27 21:47:25,106 [INFO]        feature_09:                    0.1117  [[1727   68]  [ 125   18]]
2019-09-27 21:47:25,106 [INFO]        feature_03:                    0.0907  [[1737   58]  [ 129   14]]
2019-09-27 21:47:25,106 [INFO]        feature_04:                    0.0692  [[1785   10]  [ 139    4]]
2019-09-27 21:47:25,106 [INFO]        feature_01:                    0.0623  [[1788    7]  [ 140    3]]
2019-09-27 21:47:25,106 [INFO]        feature_02:                    0.0575  [[1787    8]  [ 140    3]]
2019-09-27 21:47:25,107 [INFO]        feature_10:                    0.0575  [[1787    8]  [ 140    3]]
2019-09-27 21:47:25,107 [INFO]        feature_06:                    0.0493  [[1785   10]  [ 140    3]]
2019-09-27 21:47:25,107 [INFO]              none:                    0.0493  [[1785   10]  [ 140    3]]
2019-09-27 21:47:25,107 [INFO]        feature_05:                    0.0434  [[1789    6]  [ 141    2]]
2019-09-27 21:47:25,107 [INFO]        feature_08:                    0.0312  [[1786    9]  [ 141    2]]
2019-09-27 21:47:25,107 [INFO] 
2019-09-27 21:47:25,109 [INFO] Removing least-informative informative input feature: feature_09
2019-09-27 21:47:25,109 [INFO] 
2019-09-27 21:47:25,786 [INFO] Permutation Importances of remaining candidate features:
2019-09-27 21:47:25,787 [INFO] Permuted Feature   Score (matthews_corrcoef)  Confusion Matrix
2019-09-27 21:47:25,787 [INFO]        feature_01:                    0.0000  [[1795    0]  [ 143    0]]
2019-09-27 21:47:25,787 [INFO]        feature_02:                    0.0000  [[1795    0]  [ 143    0]]
2019-09-27 21:47:25,787 [INFO]        feature_03:                    0.0000  [[1795    0]  [ 143    0]]
2019-09-27 21:47:25,787 [INFO]        feature_04:                    0.0000  [[1795    0]  [ 143    0]]
2019-09-27 21:47:25,787 [INFO]        feature_05:                    0.0000  [[1795    0]  [ 143    0]]
2019-09-27 21:47:25,788 [INFO]        feature_06:                    0.0000  [[1795    0]  [ 143    0]]
2019-09-27 21:47:25,788 [INFO]        feature_08:                    0.0000  [[1795    0]  [ 143    0]]
2019-09-27 21:47:25,788 [INFO]        feature_10:                    0.0000  [[1795    0]  [ 143    0]]
2019-09-27 21:47:25,788 [INFO]              none:                    0.0000  [[1795    0]  [ 143    0]]
2019-09-27 21:47:25,788 [INFO] 
2019-09-27 21:47:25,790 [INFO] Removing least-informative informative input feature: feature_01
2019-09-27 21:47:25,790 [INFO] 
2019-09-27 21:47:26,560 [INFO] Permutation Importances of remaining candidate features:
2019-09-27 21:47:26,560 [INFO] Permuted Feature   Score (matthews_corrcoef)  Confusion Matrix
2019-09-27 21:47:26,561 [INFO]        feature_02:                    0.0000  [[1795    0]  [ 143    0]]
2019-09-27 21:47:26,561 [INFO]        feature_04:                    0.0000  [[1795    0]  [ 143    0]]
2019-09-27 21:47:26,561 [INFO]        feature_05:                    0.0000  [[1795    0]  [ 143    0]]
2019-09-27 21:47:26,561 [INFO]        feature_06:                    0.0000  [[1795    0]  [ 143    0]]
2019-09-27 21:47:26,561 [INFO]        feature_08:                    0.0000  [[1795    0]  [ 143    0]]
2019-09-27 21:47:26,561 [INFO]        feature_10:                    0.0000  [[1795    0]  [ 143    0]]
2019-09-27 21:47:26,561 [INFO]              none:                    0.0000  [[1795    0]  [ 143    0]]
2019-09-27 21:47:26,562 [INFO]        feature_03:                   -0.0091  [[1793    2]  [ 143    0]]
2019-09-27 21:47:26,562 [INFO] 
2019-09-27 21:47:26,564 [INFO] Removing least-informative informative input feature: feature_02
2019-09-27 21:47:26,564 [INFO] 
2019-09-27 21:47:27,219 [INFO] Permutation Importances of remaining candidate features:
2019-09-27 21:47:27,219 [INFO] Permuted Feature   Score (matthews_corrcoef)  Confusion Matrix
2019-09-27 21:47:27,220 [INFO]        feature_03:                    0.0000  [[1795    0]  [ 143    0]]
2019-09-27 21:47:27,220 [INFO]        feature_04:                    0.0000  [[1795    0]  [ 143    0]]
2019-09-27 21:47:27,220 [INFO]        feature_05:                    0.0000  [[1795    0]  [ 143    0]]
2019-09-27 21:47:27,220 [INFO]        feature_06:                    0.0000  [[1795    0]  [ 143    0]]
2019-09-27 21:47:27,220 [INFO]        feature_08:                    0.0000  [[1795    0]  [ 143    0]]
2019-09-27 21:47:27,220 [INFO]        feature_10:                    0.0000  [[1795    0]  [ 143    0]]
2019-09-27 21:47:27,220 [INFO]              none:                    0.0000  [[1795    0]  [ 143    0]]
2019-09-27 21:47:27,220 [INFO] 
2019-09-27 21:47:27,223 [INFO] Removing least-informative informative input feature: feature_03
2019-09-27 21:47:27,223 [INFO] 
2019-09-27 21:47:27,873 [INFO] Permutation Importances of remaining candidate features:
2019-09-27 21:47:27,874 [INFO] Permuted Feature   Score (matthews_corrcoef)  Confusion Matrix
2019-09-27 21:47:27,874 [INFO]        feature_04:                    0.0000  [[1795    0]  [ 143    0]]
2019-09-27 21:47:27,874 [INFO]        feature_05:                    0.0000  [[1795    0]  [ 143    0]]
2019-09-27 21:47:27,874 [INFO]        feature_06:                    0.0000  [[1795    0]  [ 143    0]]
2019-09-27 21:47:27,874 [INFO]        feature_08:                    0.0000  [[1795    0]  [ 143    0]]
2019-09-27 21:47:27,874 [INFO]        feature_10:                    0.0000  [[1795    0]  [ 143    0]]
2019-09-27 21:47:27,875 [INFO]              none:                    0.0000  [[1795    0]  [ 143    0]]
2019-09-27 21:47:27,875 [INFO] 
2019-09-27 21:47:27,877 [INFO] Recursive Feature Elimination Results:
2019-09-27 21:47:27,877 [INFO] No. Features  Score (matthews_corrcoef)  Confusion Matrix  Features
2019-09-27 21:47:27,877 [INFO]          11:                    0.1553  [[1788    7]  [ 135    8]]  feature_01, feature_02, feature_03, feature_04, feature_05, feature_06, feature_07, feature_08, feature_09, feature_10, feature_11
2019-09-27 21:47:27,877 [INFO]          10:                    0.1219  [[1788    7]  [ 137    6]]  feature_01, feature_02, feature_03, feature_04, feature_05, feature_06, feature_08, feature_09, feature_10, feature_11
2019-09-27 21:47:27,877 [INFO]           9:                    0.0493  [[1785   10]  [ 140    3]]  feature_01, feature_02, feature_03, feature_04, feature_05, feature_06, feature_08, feature_09, feature_10
2019-09-27 21:47:27,878 [INFO]           8:                    0.0000  [[1795    0]  [ 143    0]]  feature_01, feature_02, feature_03, feature_04, feature_05, feature_06, feature_08, feature_10
2019-09-27 21:47:27,878 [INFO]           7:                    0.0000  [[1795    0]  [ 143    0]]  feature_02, feature_03, feature_04, feature_05, feature_06, feature_08, feature_10
2019-09-27 21:47:27,878 [INFO]           6:                    0.0000  [[1795    0]  [ 143    0]]  feature_03, feature_04, feature_05, feature_06, feature_08, feature_10
2019-09-27 21:47:27,878 [INFO]           5:                    0.0000  [[1795    0]  [ 143    0]]  feature_04, feature_05, feature_06, feature_08, feature_10
2019-09-27 21:47:27,878 [INFO] 
2019-09-27 21:47:27,878 [INFO] DONE TESTING.
2019-09-27 21:47:27,878 [INFO] 
2019-09-27 21:47:27,878 [INFO] 
